<?xml version="1.0" encoding="UTF-8"?>
<!-- Generated by org.testng.reporters.JUnitReportReporter -->
<testsuite hostname="DESKTOP-55K9IPC" failures="0" tests="1" name="cucumber.TestNGTestRuner" time="11.629" errors="0" timestamp="2024-08-19T18:20:58 IST" skipped="0">
  <testcase classname="cucumber.TestNGTestRuner" name="runScenario" time="11.629"/>
</testsuite> <!-- cucumber.TestNGTestRuner -->
