<?xml version="1.0" encoding="UTF-8"?>
<!-- Generated by org.testng.reporters.JUnitReportReporter -->
<testsuite hostname="DESKTOP-55K9IPC" failures="0" tests="1" name="cucumber.TestRuner" time="10.787" errors="0" timestamp="2024-08-20T13:41:55 IST" skipped="0">
  <testcase classname="cucumber.TestRuner" name="runScenario" time="10.787"/>
</testsuite> <!-- cucumber.TestRuner -->
