<?xml version="1.0" encoding="UTF-8"?>
<!-- Generated by org.testng.reporters.JUnitReportReporter -->
<testsuite hostname="DESKTOP-55K9IPC" failures="0" tests="3" name="dheerajParmar.Tests.SubmitOrderTest" time="53.319" errors="0" timestamp="2024-08-15T18:19:49 IST" skipped="0">
  <testcase classname="dheerajParmar.Tests.SubmitOrderTest" name="submitOrder" time="26.238"/>
  <testcase classname="dheerajParmar.Tests.SubmitOrderTest" name="submitOrder" time="20.515"/>
  <testcase classname="dheerajParmar.Tests.SubmitOrderTest" name="orderHistoryTest" time="6.566"/>
</testsuite> <!-- dheerajParmar.Tests.SubmitOrderTest -->
