<?xml version="1.0" encoding="UTF-8"?>
<!-- Generated by org.testng.reporters.JUnitReportReporter -->
<testsuite hostname="DESKTOP-55K9IPC" failures="0" tests="2" name="dheerajParmar.Tests.SubmitOrderTest" time="54.042" errors="0" timestamp="2024-08-21T17:08:53 IST" skipped="0">
  <testcase classname="dheerajParmar.Tests.SubmitOrderTest" name="submitOrder" time="28.859"/>
  <testcase classname="dheerajParmar.Tests.SubmitOrderTest" name="submitOrder" time="25.183"/>
</testsuite> <!-- dheerajParmar.Tests.SubmitOrderTest -->
