<?xml version="1.0" encoding="UTF-8"?>
<!-- Generated by org.testng.reporters.JUnitReportReporter -->
<testsuite hostname="DESKTOP-55K9IPC" failures="0" tests="1" name="dheerajParmar.Tests.ErrorValidationTest" time="12.842" errors="0" timestamp="2024-08-21T17:07:25 IST" skipped="0">
  <testcase classname="dheerajParmar.Tests.ErrorValidationTest" name="LoginErrorValidation" time="12.842"/>
</testsuite> <!-- dheerajParmar.Tests.ErrorValidationTest -->
