<?xml version="1.0" encoding="UTF-8"?>
<!-- Generated by org.testng.reporters.JUnitReportReporter -->
<testsuite hostname="DESKTOP-55K9IPC" failures="0" tests="1" name="cucumber.TestRunner" time="23.965" errors="0" timestamp="2024-08-21T17:10:01 IST" skipped="0">
  <testcase classname="cucumber.TestRunner" name="runScenario" time="23.965"/>
</testsuite> <!-- cucumber.TestRunner -->
